FlutterDemoAndroid/HostApp/app/build/intermediates/manifest_merge_blame_file/debug/manifest-merger-blame-debug-report.txt
1<?xml version="1.0" encoding="utf-8"?>
2<manifest xmlns:android="http://schemas.android.com/apk/res/android"
3    package="com.peter.myapplication"
4    android:versionCode="1"
5    android:versionName="1.0" >
6
7    <uses-sdk
8        android:minSdkVersion="21"
8-->src\main\AndroidManifest.xml
9        android:targetSdkVersion="29" />
9-->src\main\AndroidManifest.xml
10
11    <uses-permission android:name="android.permission.INTERNET" />
11-->[:flutter] AndroidManifest.xml:13:5-67
11-->[:flutter] AndroidManifest.xml:13:22-64
12
13    <application
13-->src\main\AndroidManifest.xml:5:5-31:19
14        android:allowBackup="true"
14-->src\main\AndroidManifest.xml:6:9-35
15        android:appComponentFactory="androidx.core.app.CoreComponentFactory"
15-->[androidx.core:core:1.1.0] AndroidManifest.xml:24:18-86
16        android:debuggable="true"
17        android:icon="@mipmap/ic_launcher"
17-->src\main\AndroidManifest.xml:7:9-43
18        android:label="@string/app_name"
18-->src\main\AndroidManifest.xml:8:9-41
19        android:roundIcon="@mipmap/ic_launcher_round"
19-->src\main\AndroidManifest.xml:9:9-54
20        android:supportsRtl="true"
20-->src\main\AndroidManifest.xml:10:9-35
21        android:testOnly="true"
22        android:theme="@style/AppTheme" >
22-->src\main\AndroidManifest.xml:11:9-40
23        <activity android:name="com.peter.myapplication.MainActivity" >
23-->src\main\AndroidManifest.xml:12:9-18:20
23-->src\main\AndroidManifest.xml:12:19-47
24            <intent-filter>
24-->src\main\AndroidManifest.xml:13:13-17:29
25                <action android:name="android.intent.action.MAIN" />
25-->src\main\AndroidManifest.xml:14:17-69
25-->src\main\AndroidManifest.xml:14:25-66
26
27                <category android:name="android.intent.category.LAUNCHER" />
27-->src\main\AndroidManifest.xml:16:17-77
27-->src\main\AndroidManifest.xml:16:27-74
28            </intent-filter>
29        </activity>
30        <activity
30-->src\main\AndroidManifest.xml:19:9-24:58
31            android:name="io.flutter.embedding.android.FlutterActivity"
31-->src\main\AndroidManifest.xml:20:13-72
32            android:configChanges="orientation|keyboardHidden|keyboard|screenSize|locale|layoutDirection|fontScale|screenLayout|density|uiMode"
32-->src\main\AndroidManifest.xml:21:13-144
33            android:hardwareAccelerated="true"
33-->src\main\AndroidManifest.xml:22:13-47
34            android:theme="@style/AppTheme"
34-->src\main\AndroidManifest.xml:23:13-44
35            android:windowSoftInputMode="adjustResize" />
35-->src\main\AndroidManifest.xml:24:13-55
36        <activity
36-->src\main\AndroidManifest.xml:25:9-30:58
37            android:name="com.peter.myapplication.BridgeActivity"
37-->src\main\AndroidManifest.xml:26:13-43
38            android:configChanges="orientation|keyboardHidden|keyboard|screenSize|locale|layoutDirection|fontScale|screenLayout|density|uiMode"
38-->src\main\AndroidManifest.xml:27:13-144
39            android:hardwareAccelerated="true"
39-->src\main\AndroidManifest.xml:28:13-47
40            android:theme="@style/AppTheme"
40-->src\main\AndroidManifest.xml:29:13-44
41            android:windowSoftInputMode="adjustResize" />
41-->src\main\AndroidManifest.xml:30:13-55
42
43        <meta-data
43-->[:flutter] AndroidManifest.xml:16:9-18:38
44            android:name="flutterProjectType"
44-->[:flutter] AndroidManifest.xml:17:13-46
45            android:value="module" />
45-->[:flutter] AndroidManifest.xml:18:13-35
46        <!--
47           Don't delete the meta-data below.
48           It is used by the Flutter tool to generate GeneratedPluginRegistrant.java
49        -->
50        <meta-data
50-->[:flutter] AndroidManifest.xml:23:9-25:33
51            android:name="flutterEmbedding"
51-->[:flutter] AndroidManifest.xml:24:13-44
52            android:value="2" />
52-->[:flutter] AndroidManifest.xml:25:13-30
53    </application>
54
55</manifest>